<?xml version="1.0" encoding="UTF-8"?>
<!-- Generated by org.testng.reporters.JUnitReportReporter -->
<testsuite hostname="DS-7071BC9E7AC9" name="com.BasicCommands.Selenium.ExplicitWait_Demo" tests="1" failures="0" timestamp="26 Oct 2016 08:25:08 GMT" time="49.507" errors="0">
  <testcase name="loginLogout" time="49.507" classname="com.BasicCommands.Selenium.ExplicitWait_Demo"/>
</testsuite> <!-- com.BasicCommands.Selenium.ExplicitWait_Demo -->
