<?xml version="1.0" encoding="UTF-8"?>
<!-- Generated by org.testng.reporters.JUnitReportReporter -->
<testsuite hostname="DS-7071BC9E7AC9" name="com.BasicCommands.Selenium.Conditional_Sync_ExplicitWait" tests="1" failures="0" timestamp="25 Oct 2016 10:47:19 GMT" time="7.935" errors="0">
  <testcase name="GetPageTitle" time="7.935" classname="com.BasicCommands.Selenium.Conditional_Sync_ExplicitWait"/>
</testsuite> <!-- com.BasicCommands.Selenium.Conditional_Sync_ExplicitWait -->
