<?xml version="1.0" encoding="UTF-8"?>
<!-- Generated by org.testng.reporters.JUnitReportReporter -->
<testsuite hostname="DS-7071BC9E7AC9" name="com.AdvancedCommands.Selenium._01JavaSciptExecutot_ScrolldownPage" tests="2" failures="0" timestamp="10 Nov 2016 05:19:29 GMT" time="9.747" errors="0">
  <testcase name="scrollingToBottomofAPage" time="1.894" classname="com.AdvancedCommands.Selenium._01JavaSciptExecutot_ScrolldownPage"/>
  <testcase name="scrollingToElement" time="7.853" classname="com.AdvancedCommands.Selenium._01JavaSciptExecutot_ScrolldownPage"/>
</testsuite> <!-- com.AdvancedCommands.Selenium._01JavaSciptExecutot_ScrolldownPage -->
