<?xml version="1.0" encoding="UTF-8"?>
<!-- Generated by org.testng.reporters.JUnitReportReporter -->
<testsuite hostname="DS-7071BC9E7AC9" name="com.BasicCommands.Selenium.InternetExplorerBrowser" tests="1" failures="0" timestamp="25 Oct 2016 09:19:27 GMT" time="2.789" errors="0">
  <testcase name="verifyPageTitle" time="2.789" classname="com.BasicCommands.Selenium.InternetExplorerBrowser"/>
</testsuite> <!-- com.BasicCommands.Selenium.InternetExplorerBrowser -->
