<?xml version="1.0" encoding="UTF-8"?>
<!-- Generated by org.testng.reporters.JUnitReportReporter -->
<testsuite hostname="DS-7071BC9E7AC9" name="com.BasicCommands.Selenium.ChormeBrowser" tests="1" failures="0" timestamp="25 Oct 2016 09:03:53 GMT" time="6.628" errors="0">
  <testcase name="testPageTitle" time="6.628" classname="com.BasicCommands.Selenium.ChormeBrowser"/>
</testsuite> <!-- com.BasicCommands.Selenium.ChormeBrowser -->
